  A.I game practice.cpp
C:\Users\User\Desktop\A.I game\A.I-game-practice-master\A.I game practice.cpp(56,34): warning C4305: '인수': 'double'에서 'ObjectScale'(으)로 잘립니다.
C:\Users\User\Desktop\A.I game\A.I-game-practice-master\A.I game practice.cpp(57,25): warning C4305: '인수': 'double'에서 'ObjectScale'(으)로 잘립니다.
C:\Users\User\Desktop\A.I game\A.I-game-practice-master\A.I game practice.cpp(72,23): warning C4305: '인수': 'double'에서 'ObjectScale'(으)로 잘립니다.
C:\Users\User\Desktop\A.I game\A.I-game-practice-master\A.I game practice.cpp(79,24): warning C4305: '인수': 'double'에서 'ObjectScale'(으)로 잘립니다.
C:\Users\User\Desktop\A.I game\A.I-game-practice-master\A.I game practice.cpp(1257,1): warning C4305: '인수': 'double'에서 'ObjectScale'(으)로 잘립니다.
C:\Users\User\Desktop\A.I game\A.I-game-practice-master\A.I game practice.cpp(1258,1): warning C4305: '인수': 'double'에서 'ObjectScale'(으)로 잘립니다.
C:\Users\User\Desktop\A.I game\A.I-game-practice-master\A.I game practice.cpp(1147,10): warning C4101: 'path_3' :참조되지 않은 지역 변수입니다.
C:\Users\User\Desktop\A.I game\A.I-game-practice-master\A.I game practice.cpp(1373,25): warning C4305: '인수': 'double'에서 'ObjectScale'(으)로 잘립니다.
C:\Users\User\Desktop\A.I game\A.I-game-practice-master\A.I game practice.cpp(1478,33): warning C4305: '인수': 'double'에서 'ObjectScale'(으)로 잘립니다.
C:\Users\User\Desktop\A.I game\A.I-game-practice-master\A.I game practice.cpp(1479,31): warning C4305: '인수': 'double'에서 'ObjectScale'(으)로 잘립니다.
C:\Users\User\Desktop\A.I game\A.I-game-practice-master\A.I game practice.cpp(1582,24): warning C4244: '인수': 'int'에서 'const Second'(으)로 변환하면서 데이터가 손실될 수 있습니다.
C:\Users\User\Desktop\A.I game\A.I-game-practice-master\A.I game practice.cpp(1692,35): warning C4244: '인수': 'int'에서 'const Second'(으)로 변환하면서 데이터가 손실될 수 있습니다.
C:\Users\User\Desktop\A.I game\A.I-game-practice-master\A.I game practice.cpp(1894,28): warning C4305: '인수': 'double'에서 'ObjectScale'(으)로 잘립니다.
C:\Users\User\Desktop\A.I game\A.I-game-practice-master\A.I game practice.cpp(1899,23): warning C4305: '인수': 'double'에서 'ObjectScale'(으)로 잘립니다.
C:\Users\User\Desktop\A.I game\A.I-game-practice-master\A.I game practice.cpp(544,1): warning C4819: 현재 코드 페이지(0)에서 표시할 수 없는 문자가 파일에 들어 있습니다. 데이터가 손실되지 않게 하려면 해당 파일을 유니코드 형식으로 저장하십시오.
C:\Program Files (x86)\Microsoft Visual Studio\2019\Community\VC\Tools\MSVC\14.29.30133\include\type_traits(1593): message : 컴파일되는 함수 템플릿 인스턴스화 'bool start_game_1::<lambda_f2a7275131f69a8786e957202cfb1b10>::operator ()<bangtal::ObjectPtr,int,int,MouseAction>(bangtal::ObjectPtr,int,int,MouseAction) const'에 대한 참조를 확인하세요.
C:\Program Files (x86)\Microsoft Visual Studio\2019\Community\VC\Tools\MSVC\14.29.30133\include\functional(752): message : 컴파일되는 함수 템플릿 인스턴스화 'bool std::invoke<_Callable&,_Ty,int,int,MouseAction>(start_game_1::<lambda_f2a7275131f69a8786e957202cfb1b10>&,_Ty1 &&,int &&,int &&,MouseAction &&) noexcept(false)'에 대한 참조를 확인하세요.
          with
          [
              _Callable=start_game_1::<lambda_f2a7275131f69a8786e957202cfb1b10>,
              _Ty=bangtal::ObjectPtr,
              _Ty1=bangtal::ObjectPtr
          ]
C:\Program Files (x86)\Microsoft Visual Studio\2019\Community\VC\Tools\MSVC\14.29.30133\include\functional(919): message : 컴파일되는 함수 템플릿 인스턴스화 '_Rx std::_Invoker_ret<_Rx,false>::_Call<_Callable&,_Ty,int,int,MouseAction>(_Fx,_Ty &&,int &&,int &&,MouseAction &&) noexcept(false)'에 대한 참조를 확인하세요.
          with
          [
              _Rx=bool,
              _Callable=start_game_1::<lambda_f2a7275131f69a8786e957202cfb1b10>,
              _Ty=bangtal::ObjectPtr,
              _Fx=start_game_1::<lambda_f2a7275131f69a8786e957202cfb1b10> &
          ]
C:\Program Files (x86)\Microsoft Visual Studio\2019\Community\VC\Tools\MSVC\14.29.30133\include\functional(920): message : 컴파일되는 함수 템플릿 인스턴스화 '_Rx std::_Invoker_ret<_Rx,false>::_Call<_Callable&,_Ty,int,int,MouseAction>(_Fx,_Ty &&,int &&,int &&,MouseAction &&) noexcept(false)'에 대한 참조를 확인하세요.
          with
          [
              _Rx=bool,
              _Callable=start_game_1::<lambda_f2a7275131f69a8786e957202cfb1b10>,
              _Ty=bangtal::ObjectPtr,
              _Fx=start_game_1::<lambda_f2a7275131f69a8786e957202cfb1b10> &
          ]
C:\Program Files (x86)\Microsoft Visual Studio\2019\Community\VC\Tools\MSVC\14.29.30133\include\functional(919): message : 클래스 템플릿 멤버 함수 '_Rx std::_Func_impl_no_alloc<start_game_1::<lambda_f2a7275131f69a8786e957202cfb1b10>,_Rx,bangtal::ObjectPtr,int,int,MouseAction>::_Do_call(bangtal::ObjectPtr &&,int &&,int &&,MouseAction &&)'을(를) 컴파일하는 중입니다.
          with
          [
              _Rx=bool
          ]
C:\Program Files (x86)\Microsoft Visual Studio\2019\Community\VC\Tools\MSVC\14.29.30133\include\functional(813): message : 컴파일되는 클래스 템플릿 인스턴스화 'std::_Func_impl_no_alloc<start_game_1::<lambda_f2a7275131f69a8786e957202cfb1b10>,_Ret,bangtal::ObjectPtr,int,int,MouseAction>'에 대한 참조를 확인하세요.
          with
          [
              _Ret=bool
          ]
C:\Program Files (x86)\Microsoft Visual Studio\2019\Community\VC\Tools\MSVC\14.29.30133\include\functional(1010): message : 컴파일되는 변수 템플릿 'const bool _Is_large<std::_Func_impl_no_alloc<<lambda_f2a7275131f69a8786e957202cfb1b10>,bool,std::shared_ptr<bangtal::Object>,int,int,enum MouseAction> >'에 대한 참조를 확인하세요.
C:\Program Files (x86)\Microsoft Visual Studio\2019\Community\VC\Tools\MSVC\14.29.30133\include\functional(1143): message : 컴파일되는 함수 템플릿 인스턴스화 'void std::_Func_class<_Ret,bangtal::ObjectPtr,int,int,MouseAction>::_Reset<start_game_1::<lambda_f2a7275131f69a8786e957202cfb1b10>>(_Fx &&)'에 대한 참조를 확인하세요.
          with
          [
              _Ret=bool,
              _Fx=start_game_1::<lambda_f2a7275131f69a8786e957202cfb1b10>
          ]
C:\Program Files (x86)\Microsoft Visual Studio\2019\Community\VC\Tools\MSVC\14.29.30133\include\functional(1143): message : 컴파일되는 함수 템플릿 인스턴스화 'void std::_Func_class<_Ret,bangtal::ObjectPtr,int,int,MouseAction>::_Reset<start_game_1::<lambda_f2a7275131f69a8786e957202cfb1b10>>(_Fx &&)'에 대한 참조를 확인하세요.
          with
          [
              _Ret=bool,
              _Fx=start_game_1::<lambda_f2a7275131f69a8786e957202cfb1b10>
          ]
C:\Users\User\Desktop\A.I game\A.I-game-practice-master\A.I game practice.cpp(671): message : 컴파일되는 함수 템플릿 인스턴스화 'std::function<bool (bangtal::ObjectPtr,int,int,MouseAction)>::function<start_game_1::<lambda_f2a7275131f69a8786e957202cfb1b10>,0>(_Fx)'에 대한 참조를 확인하세요.
          with
          [
              _Fx=start_game_1::<lambda_f2a7275131f69a8786e957202cfb1b10>
          ]
C:\Users\User\Desktop\A.I game\A.I-game-practice-master\A.I game practice.cpp(480): message : 컴파일되는 함수 템플릿 인스턴스화 'std::function<bool (bangtal::ObjectPtr,int,int,MouseAction)>::function<start_game_1::<lambda_f2a7275131f69a8786e957202cfb1b10>,0>(_Fx)'에 대한 참조를 확인하세요.
          with
          [
              _Fx=start_game_1::<lambda_f2a7275131f69a8786e957202cfb1b10>
          ]
C:\Users\User\Desktop\A.I game\A.I-game-practice-master\A.I game practice.cpp(600,1): warning C4819: 현재 코드 페이지(0)에서 표시할 수 없는 문자가 파일에 들어 있습니다. 데이터가 손실되지 않게 하려면 해당 파일을 유니코드 형식으로 저장하십시오.
C:\Users\User\Desktop\A.I game\A.I-game-practice-master\A.I game practice.cpp(719,1): warning C4819: 현재 코드 페이지(0)에서 표시할 수 없는 문자가 파일에 들어 있습니다. 데이터가 손실되지 않게 하려면 해당 파일을 유니코드 형식으로 저장하십시오.
C:\Program Files (x86)\Microsoft Visual Studio\2019\Community\VC\Tools\MSVC\14.29.30133\include\type_traits(1593): message : 컴파일되는 함수 템플릿 인스턴스화 'bool init_game_1::<lambda_7f5f9ef178eaabd232a2ecb94ca135c3>::operator ()<bangtal::ObjectPtr,int,int,MouseAction>(bangtal::ObjectPtr,int,int,MouseAction) const'에 대한 참조를 확인하세요.
C:\Program Files (x86)\Microsoft Visual Studio\2019\Community\VC\Tools\MSVC\14.29.30133\include\functional(752): message : 컴파일되는 함수 템플릿 인스턴스화 'bool std::invoke<_Callable&,_Ty,int,int,MouseAction>(init_game_1::<lambda_7f5f9ef178eaabd232a2ecb94ca135c3>&,_Ty1 &&,int &&,int &&,MouseAction &&) noexcept(false)'에 대한 참조를 확인하세요.
          with
          [
              _Callable=init_game_1::<lambda_7f5f9ef178eaabd232a2ecb94ca135c3>,
              _Ty=bangtal::ObjectPtr,
              _Ty1=bangtal::ObjectPtr
          ]
C:\Program Files (x86)\Microsoft Visual Studio\2019\Community\VC\Tools\MSVC\14.29.30133\include\functional(919): message : 컴파일되는 함수 템플릿 인스턴스화 '_Rx std::_Invoker_ret<_Rx,false>::_Call<_Callable&,_Ty,int,int,MouseAction>(_Fx,_Ty &&,int &&,int &&,MouseAction &&) noexcept(false)'에 대한 참조를 확인하세요.
          with
          [
              _Rx=bool,
              _Callable=init_game_1::<lambda_7f5f9ef178eaabd232a2ecb94ca135c3>,
              _Ty=bangtal::ObjectPtr,
              _Fx=init_game_1::<lambda_7f5f9ef178eaabd232a2ecb94ca135c3> &
          ]
C:\Program Files (x86)\Microsoft Visual Studio\2019\Community\VC\Tools\MSVC\14.29.30133\include\functional(920): message : 컴파일되는 함수 템플릿 인스턴스화 '_Rx std::_Invoker_ret<_Rx,false>::_Call<_Callable&,_Ty,int,int,MouseAction>(_Fx,_Ty &&,int &&,int &&,MouseAction &&) noexcept(false)'에 대한 참조를 확인하세요.
          with
          [
              _Rx=bool,
              _Callable=init_game_1::<lambda_7f5f9ef178eaabd232a2ecb94ca135c3>,
              _Ty=bangtal::ObjectPtr,
              _Fx=init_game_1::<lambda_7f5f9ef178eaabd232a2ecb94ca135c3> &
          ]
C:\Program Files (x86)\Microsoft Visual Studio\2019\Community\VC\Tools\MSVC\14.29.30133\include\functional(919): message : 클래스 템플릿 멤버 함수 '_Rx std::_Func_impl_no_alloc<init_game_1::<lambda_7f5f9ef178eaabd232a2ecb94ca135c3>,_Rx,bangtal::ObjectPtr,int,int,MouseAction>::_Do_call(bangtal::ObjectPtr &&,int &&,int &&,MouseAction &&)'을(를) 컴파일하는 중입니다.
          with
          [
              _Rx=bool
          ]
C:\Program Files (x86)\Microsoft Visual Studio\2019\Community\VC\Tools\MSVC\14.29.30133\include\functional(813): message : 컴파일되는 클래스 템플릿 인스턴스화 'std::_Func_impl_no_alloc<init_game_1::<lambda_7f5f9ef178eaabd232a2ecb94ca135c3>,_Ret,bangtal::ObjectPtr,int,int,MouseAction>'에 대한 참조를 확인하세요.
          with
          [
              _Ret=bool
          ]
C:\Program Files (x86)\Microsoft Visual Studio\2019\Community\VC\Tools\MSVC\14.29.30133\include\functional(1010): message : 컴파일되는 변수 템플릿 'const bool _Is_large<std::_Func_impl_no_alloc<<lambda_7f5f9ef178eaabd232a2ecb94ca135c3>,bool,std::shared_ptr<bangtal::Object>,int,int,enum MouseAction> >'에 대한 참조를 확인하세요.
C:\Program Files (x86)\Microsoft Visual Studio\2019\Community\VC\Tools\MSVC\14.29.30133\include\functional(1143): message : 컴파일되는 함수 템플릿 인스턴스화 'void std::_Func_class<_Ret,bangtal::ObjectPtr,int,int,MouseAction>::_Reset<init_game_1::<lambda_7f5f9ef178eaabd232a2ecb94ca135c3>>(_Fx &&)'에 대한 참조를 확인하세요.
          with
          [
              _Ret=bool,
              _Fx=init_game_1::<lambda_7f5f9ef178eaabd232a2ecb94ca135c3>
          ]
C:\Program Files (x86)\Microsoft Visual Studio\2019\Community\VC\Tools\MSVC\14.29.30133\include\functional(1143): message : 컴파일되는 함수 템플릿 인스턴스화 'void std::_Func_class<_Ret,bangtal::ObjectPtr,int,int,MouseAction>::_Reset<init_game_1::<lambda_7f5f9ef178eaabd232a2ecb94ca135c3>>(_Fx &&)'에 대한 참조를 확인하세요.
          with
          [
              _Ret=bool,
              _Fx=init_game_1::<lambda_7f5f9ef178eaabd232a2ecb94ca135c3>
          ]
C:\Users\User\Desktop\A.I game\A.I-game-practice-master\A.I game practice.cpp(729): message : 컴파일되는 함수 템플릿 인스턴스화 'std::function<bool (bangtal::ObjectPtr,int,int,MouseAction)>::function<init_game_1::<lambda_7f5f9ef178eaabd232a2ecb94ca135c3>,0>(_Fx)'에 대한 참조를 확인하세요.
          with
          [
              _Fx=init_game_1::<lambda_7f5f9ef178eaabd232a2ecb94ca135c3>
          ]
C:\Users\User\Desktop\A.I game\A.I-game-practice-master\A.I game practice.cpp(709): message : 컴파일되는 함수 템플릿 인스턴스화 'std::function<bool (bangtal::ObjectPtr,int,int,MouseAction)>::function<init_game_1::<lambda_7f5f9ef178eaabd232a2ecb94ca135c3>,0>(_Fx)'에 대한 참조를 확인하세요.
          with
          [
              _Fx=init_game_1::<lambda_7f5f9ef178eaabd232a2ecb94ca135c3>
          ]
C:\Users\User\Desktop\A.I game\A.I-game-practice-master\A.I game practice.cpp(742,1): warning C4819: 현재 코드 페이지(0)에서 표시할 수 없는 문자가 파일에 들어 있습니다. 데이터가 손실되지 않게 하려면 해당 파일을 유니코드 형식으로 저장하십시오.
C:\Program Files (x86)\Microsoft Visual Studio\2019\Community\VC\Tools\MSVC\14.29.30133\include\type_traits(1593): message : 컴파일되는 함수 템플릿 인스턴스화 'bool init_game_1::<lambda_0ca13a834fcfa3c169950a2281a0a1e1>::operator ()<bangtal::ObjectPtr,int,int,MouseAction>(bangtal::ObjectPtr,int,int,MouseAction) const'에 대한 참조를 확인하세요.
C:\Program Files (x86)\Microsoft Visual Studio\2019\Community\VC\Tools\MSVC\14.29.30133\include\functional(752): message : 컴파일되는 함수 템플릿 인스턴스화 'bool std::invoke<_Callable&,_Ty,int,int,MouseAction>(init_game_1::<lambda_0ca13a834fcfa3c169950a2281a0a1e1>&,_Ty1 &&,int &&,int &&,MouseAction &&) noexcept(false)'에 대한 참조를 확인하세요.
          with
          [
              _Callable=init_game_1::<lambda_0ca13a834fcfa3c169950a2281a0a1e1>,
              _Ty=bangtal::ObjectPtr,
              _Ty1=bangtal::ObjectPtr
          ]
C:\Program Files (x86)\Microsoft Visual Studio\2019\Community\VC\Tools\MSVC\14.29.30133\include\functional(919): message : 컴파일되는 함수 템플릿 인스턴스화 '_Rx std::_Invoker_ret<_Rx,false>::_Call<_Callable&,_Ty,int,int,MouseAction>(_Fx,_Ty &&,int &&,int &&,MouseAction &&) noexcept(false)'에 대한 참조를 확인하세요.
          with
          [
              _Rx=bool,
              _Callable=init_game_1::<lambda_0ca13a834fcfa3c169950a2281a0a1e1>,
              _Ty=bangtal::ObjectPtr,
              _Fx=init_game_1::<lambda_0ca13a834fcfa3c169950a2281a0a1e1> &
          ]
C:\Program Files (x86)\Microsoft Visual Studio\2019\Community\VC\Tools\MSVC\14.29.30133\include\functional(920): message : 컴파일되는 함수 템플릿 인스턴스화 '_Rx std::_Invoker_ret<_Rx,false>::_Call<_Callable&,_Ty,int,int,MouseAction>(_Fx,_Ty &&,int &&,int &&,MouseAction &&) noexcept(false)'에 대한 참조를 확인하세요.
          with
          [
              _Rx=bool,
              _Callable=init_game_1::<lambda_0ca13a834fcfa3c169950a2281a0a1e1>,
              _Ty=bangtal::ObjectPtr,
              _Fx=init_game_1::<lambda_0ca13a834fcfa3c169950a2281a0a1e1> &
          ]
C:\Program Files (x86)\Microsoft Visual Studio\2019\Community\VC\Tools\MSVC\14.29.30133\include\functional(919): message : 클래스 템플릿 멤버 함수 '_Rx std::_Func_impl_no_alloc<init_game_1::<lambda_0ca13a834fcfa3c169950a2281a0a1e1>,_Rx,bangtal::ObjectPtr,int,int,MouseAction>::_Do_call(bangtal::ObjectPtr &&,int &&,int &&,MouseAction &&)'을(를) 컴파일하는 중입니다.
          with
          [
              _Rx=bool
          ]
C:\Program Files (x86)\Microsoft Visual Studio\2019\Community\VC\Tools\MSVC\14.29.30133\include\functional(813): message : 컴파일되는 클래스 템플릿 인스턴스화 'std::_Func_impl_no_alloc<init_game_1::<lambda_0ca13a834fcfa3c169950a2281a0a1e1>,_Ret,bangtal::ObjectPtr,int,int,MouseAction>'에 대한 참조를 확인하세요.
          with
          [
              _Ret=bool
          ]
C:\Program Files (x86)\Microsoft Visual Studio\2019\Community\VC\Tools\MSVC\14.29.30133\include\functional(1010): message : 컴파일되는 변수 템플릿 'const bool _Is_large<std::_Func_impl_no_alloc<<lambda_0ca13a834fcfa3c169950a2281a0a1e1>,bool,std::shared_ptr<bangtal::Object>,int,int,enum MouseAction> >'에 대한 참조를 확인하세요.
C:\Program Files (x86)\Microsoft Visual Studio\2019\Community\VC\Tools\MSVC\14.29.30133\include\functional(1143): message : 컴파일되는 함수 템플릿 인스턴스화 'void std::_Func_class<_Ret,bangtal::ObjectPtr,int,int,MouseAction>::_Reset<init_game_1::<lambda_0ca13a834fcfa3c169950a2281a0a1e1>>(_Fx &&)'에 대한 참조를 확인하세요.
          with
          [
              _Ret=bool,
              _Fx=init_game_1::<lambda_0ca13a834fcfa3c169950a2281a0a1e1>
          ]
C:\Program Files (x86)\Microsoft Visual Studio\2019\Community\VC\Tools\MSVC\14.29.30133\include\functional(1143): message : 컴파일되는 함수 템플릿 인스턴스화 'void std::_Func_class<_Ret,bangtal::ObjectPtr,int,int,MouseAction>::_Reset<init_game_1::<lambda_0ca13a834fcfa3c169950a2281a0a1e1>>(_Fx &&)'에 대한 참조를 확인하세요.
          with
          [
              _Ret=bool,
              _Fx=init_game_1::<lambda_0ca13a834fcfa3c169950a2281a0a1e1>
          ]
C:\Users\User\Desktop\A.I game\A.I-game-practice-master\A.I game practice.cpp(752): message : 컴파일되는 함수 템플릿 인스턴스화 'std::function<bool (bangtal::ObjectPtr,int,int,MouseAction)>::function<init_game_1::<lambda_0ca13a834fcfa3c169950a2281a0a1e1>,0>(_Fx)'에 대한 참조를 확인하세요.
          with
          [
              _Fx=init_game_1::<lambda_0ca13a834fcfa3c169950a2281a0a1e1>
          ]
C:\Users\User\Desktop\A.I game\A.I-game-practice-master\A.I game practice.cpp(732): message : 컴파일되는 함수 템플릿 인스턴스화 'std::function<bool (bangtal::ObjectPtr,int,int,MouseAction)>::function<init_game_1::<lambda_0ca13a834fcfa3c169950a2281a0a1e1>,0>(_Fx)'에 대한 참조를 확인하세요.
          with
          [
              _Fx=init_game_1::<lambda_0ca13a834fcfa3c169950a2281a0a1e1>
          ]
C:\Users\User\Desktop\A.I game\A.I-game-practice-master\A.I game practice.cpp(1697,28): warning C4244: '인수': 'int'에서 'const Second'(으)로 변환하면서 데이터가 손실될 수 있습니다.
C:\Program Files (x86)\Microsoft Visual Studio\2019\Community\VC\Tools\MSVC\14.29.30133\include\type_traits(1593): message : 컴파일되는 함수 템플릿 인스턴스화 'bool init_game_5::<lambda_48e06f89e819a1824f557d30b7b746cc>::operator ()<bangtal::TimerPtr>(bangtal::TimerPtr) const'에 대한 참조를 확인하세요.
C:\Program Files (x86)\Microsoft Visual Studio\2019\Community\VC\Tools\MSVC\14.29.30133\include\functional(752): message : 컴파일되는 함수 템플릿 인스턴스화 'bool std::invoke<_Callable&,_Ty,>(init_game_5::<lambda_48e06f89e819a1824f557d30b7b746cc>&,_Ty1 &&) noexcept(false)'에 대한 참조를 확인하세요.
          with
          [
              _Callable=init_game_5::<lambda_48e06f89e819a1824f557d30b7b746cc>,
              _Ty=bangtal::TimerPtr,
              _Ty1=bangtal::TimerPtr
          ]
C:\Program Files (x86)\Microsoft Visual Studio\2019\Community\VC\Tools\MSVC\14.29.30133\include\functional(919): message : 컴파일되는 함수 템플릿 인스턴스화 '_Rx std::_Invoker_ret<_Rx,false>::_Call<_Callable&,_Ty>(_Fx,_Ty &&) noexcept(false)'에 대한 참조를 확인하세요.
          with
          [
              _Rx=bool,
              _Callable=init_game_5::<lambda_48e06f89e819a1824f557d30b7b746cc>,
              _Ty=bangtal::TimerPtr,
              _Fx=init_game_5::<lambda_48e06f89e819a1824f557d30b7b746cc> &
          ]
C:\Program Files (x86)\Microsoft Visual Studio\2019\Community\VC\Tools\MSVC\14.29.30133\include\functional(920): message : 컴파일되는 함수 템플릿 인스턴스화 '_Rx std::_Invoker_ret<_Rx,false>::_Call<_Callable&,_Ty>(_Fx,_Ty &&) noexcept(false)'에 대한 참조를 확인하세요.
          with
          [
              _Rx=bool,
              _Callable=init_game_5::<lambda_48e06f89e819a1824f557d30b7b746cc>,
              _Ty=bangtal::TimerPtr,
              _Fx=init_game_5::<lambda_48e06f89e819a1824f557d30b7b746cc> &
          ]
C:\Program Files (x86)\Microsoft Visual Studio\2019\Community\VC\Tools\MSVC\14.29.30133\include\functional(919): message : 클래스 템플릿 멤버 함수 '_Rx std::_Func_impl_no_alloc<init_game_5::<lambda_48e06f89e819a1824f557d30b7b746cc>,_Rx,bangtal::TimerPtr>::_Do_call(bangtal::TimerPtr &&)'을(를) 컴파일하는 중입니다.
          with
          [
              _Rx=bool
          ]
C:\Program Files (x86)\Microsoft Visual Studio\2019\Community\VC\Tools\MSVC\14.29.30133\include\functional(813): message : 컴파일되는 클래스 템플릿 인스턴스화 'std::_Func_impl_no_alloc<init_game_5::<lambda_48e06f89e819a1824f557d30b7b746cc>,_Ret,bangtal::TimerPtr>'에 대한 참조를 확인하세요.
          with
          [
              _Ret=bool
          ]
C:\Program Files (x86)\Microsoft Visual Studio\2019\Community\VC\Tools\MSVC\14.29.30133\include\functional(1010): message : 컴파일되는 변수 템플릿 'const bool _Is_large<std::_Func_impl_no_alloc<<lambda_48e06f89e819a1824f557d30b7b746cc>,bool,std::shared_ptr<bangtal::Timer> > >'에 대한 참조를 확인하세요.
C:\Program Files (x86)\Microsoft Visual Studio\2019\Community\VC\Tools\MSVC\14.29.30133\include\functional(1143): message : 컴파일되는 함수 템플릿 인스턴스화 'void std::_Func_class<_Ret,bangtal::TimerPtr>::_Reset<init_game_5::<lambda_48e06f89e819a1824f557d30b7b746cc>>(_Fx &&)'에 대한 참조를 확인하세요.
          with
          [
              _Ret=bool,
              _Fx=init_game_5::<lambda_48e06f89e819a1824f557d30b7b746cc>
          ]
C:\Program Files (x86)\Microsoft Visual Studio\2019\Community\VC\Tools\MSVC\14.29.30133\include\functional(1143): message : 컴파일되는 함수 템플릿 인스턴스화 'void std::_Func_class<_Ret,bangtal::TimerPtr>::_Reset<init_game_5::<lambda_48e06f89e819a1824f557d30b7b746cc>>(_Fx &&)'에 대한 참조를 확인하세요.
          with
          [
              _Ret=bool,
              _Fx=init_game_5::<lambda_48e06f89e819a1824f557d30b7b746cc>
          ]
C:\Users\User\Desktop\A.I game\A.I-game-practice-master\A.I game practice.cpp(1703): message : 컴파일되는 함수 템플릿 인스턴스화 'std::function<bool (bangtal::TimerPtr)>::function<init_game_5::<lambda_48e06f89e819a1824f557d30b7b746cc>,0>(_Fx)'에 대한 참조를 확인하세요.
          with
          [
              _Fx=init_game_5::<lambda_48e06f89e819a1824f557d30b7b746cc>
          ]
C:\Users\User\Desktop\A.I game\A.I-game-practice-master\A.I game practice.cpp(1693): message : 컴파일되는 함수 템플릿 인스턴스화 'std::function<bool (bangtal::TimerPtr)>::function<init_game_5::<lambda_48e06f89e819a1824f557d30b7b746cc>,0>(_Fx)'에 대한 참조를 확인하세요.
          with
          [
              _Fx=init_game_5::<lambda_48e06f89e819a1824f557d30b7b746cc>
          ]
C:\Users\User\Desktop\A.I game\A.I-game-practice-master\A.I game practice.cpp(433): warning C4715: 'index_to_y_1': 모든 제어 경로에서 값을 반환하지는 않습니다.
C:\Users\User\Desktop\A.I game\A.I-game-practice-master\A.I game practice.cpp(454): warning C4715: 'check_finish_1': 모든 제어 경로에서 값을 반환하지는 않습니다.
  코드를 생성하고 있습니다.
  0 of 874 functions ( 0.0%) were compiled, the rest were copied from previous compilation.
    0 functions were new in current compilation
    0 functions had inline decision re-evaluated but remain unchanged
  코드를 생성했습니다.
bangtalC++.lib(Scene.obj) : warning LNK4099: 'bangtal.c++.pdb' PDB를 'bangtalC++.lib(Scene.obj)' 또는 'C:\Users\User\Desktop\A.I game\A.I-game-practice-master\Release\bangtal.c++.pdb'에서 찾을 수 없습니다. 디버그 정보가 없는 것처럼 개체를 링크합니다.
bangtalC++.lib(Object.obj) : warning LNK4099: 'bangtal.c++.pdb' PDB를 'bangtalC++.lib(Object.obj)' 또는 'C:\Users\User\Desktop\A.I game\A.I-game-practice-master\Release\bangtal.c++.pdb'에서 찾을 수 없습니다. 디버그 정보가 없는 것처럼 개체를 링크합니다.
bangtalC++.lib(Sound.obj) : warning LNK4099: 'bangtal.c++.pdb' PDB를 'bangtalC++.lib(Sound.obj)' 또는 'C:\Users\User\Desktop\A.I game\A.I-game-practice-master\Release\bangtal.c++.pdb'에서 찾을 수 없습니다. 디버그 정보가 없는 것처럼 개체를 링크합니다.
bangtalC++.lib(Timer.obj) : warning LNK4099: 'bangtal.c++.pdb' PDB를 'bangtalC++.lib(Timer.obj)' 또는 'C:\Users\User\Desktop\A.I game\A.I-game-practice-master\Release\bangtal.c++.pdb'에서 찾을 수 없습니다. 디버그 정보가 없는 것처럼 개체를 링크합니다.
bangtalC++.lib(BangtalC++.obj) : warning LNK4099: 'bangtal.c++.pdb' PDB를 'bangtalC++.lib(BangtalC++.obj)' 또는 'C:\Users\User\Desktop\A.I game\A.I-game-practice-master\Release\bangtal.c++.pdb'에서 찾을 수 없습니다. 디버그 정보가 없는 것처럼 개체를 링크합니다.
  A.I game practice.vcxproj -> C:\Users\User\Desktop\A.I game\A.I-game-practice-master\Release\A.I game practice.exe
